<?xml version="1.0" encoding="UTF-8"?>
<testsuites>
  <testsuite name="" tests="5" assertions="22" errors="1" warnings="0" failures="0" skipped="0" time="0.283288">
    <testsuite name="Laravel Boilerplate Test Suite" tests="5" assertions="22" errors="1" warnings="0" failures="0" skipped="0" time="0.283288">
      <testsuite name="StanDev\Laraplate\Tests\LoginTest" file="/home/stanm/development/standev-nl/laraplate/tests/LoginTest.php" tests="4" assertions="18" errors="1" warnings="0" failures="0" skipped="0" time="0.270254">
        <testcase name="testSuccessfulLoginWithDefaultCredentials" class="StanDev\Laraplate\Tests\LoginTest" classname="StanDev.Laraplate.Tests.LoginTest" file="/home/stanm/development/standev-nl/laraplate/tests/LoginTest.php" line="13" assertions="5" time="0.187086">
          <system-out>RecursiveDirectoryIterator::__construct(/home/stanm/development/standev-nl/laraplate/routes/frontend/): failed to open dir: No such file or directory</system-out>
        </testcase>
        <testcase name="testShowAnErrorMessageWhenITryToLoginWithWrongCredentials" class="StanDev\Laraplate\Tests\LoginTest" classname="StanDev.Laraplate.Tests.LoginTest" file="/home/stanm/development/standev-nl/laraplate/tests/LoginTest.php" line="24" assertions="7" time="0.013197">
          <system-out>RecursiveDirectoryIterator::__construct(/home/stanm/development/standev-nl/laraplate/routes/frontend/): failed to open dir: No such file or directory</system-out>
        </testcase>
        <testcase name="testRedirectIfNotLoggedIn" class="StanDev\Laraplate\Tests\LoginTest" classname="StanDev.Laraplate.Tests.LoginTest" file="/home/stanm/development/standev-nl/laraplate/tests/LoginTest.php" line="47" assertions="5" time="0.009586">
          <system-out>RecursiveDirectoryIterator::__construct(/home/stanm/development/standev-nl/laraplate/routes/frontend/): failed to open dir: No such file or directory</system-out>
        </testcase>
        <testcase name="testCanLogout" class="StanDev\Laraplate\Tests\LoginTest" classname="StanDev.Laraplate.Tests.LoginTest" file="/home/stanm/development/standev-nl/laraplate/tests/LoginTest.php" line="53" assertions="1" time="0.060384">
          <error type="InvalidArgumentException">StanDev\Laraplate\Tests\LoginTest::testCanLogout
InvalidArgumentException: Could not find a form that has submit button [Logout].

/home/stanm/development/standev-nl/laraplate/vendor/laravel/browser-kit-testing/src/Concerns/InteractsWithPages.php:643
/home/stanm/development/standev-nl/laraplate/vendor/laravel/browser-kit-testing/src/Concerns/InteractsWithPages.php:623
/home/stanm/development/standev-nl/laraplate/vendor/laravel/browser-kit-testing/src/Concerns/InteractsWithPages.php:603
/home/stanm/development/standev-nl/laraplate/vendor/laravel/browser-kit-testing/src/Concerns/InteractsWithPages.php:590
/home/stanm/development/standev-nl/laraplate/tests/LoginTest.php:60</error>
          <system-out>RecursiveDirectoryIterator::__construct(/home/stanm/development/standev-nl/laraplate/routes/frontend/): failed to open dir: No such file or directory</system-out>
        </testcase>
      </testsuite>
      <testsuite name="StanDev\Laraplate\Tests\RouteTest" file="/home/stanm/development/standev-nl/laraplate/tests/RouteTest.php" tests="1" assertions="4" errors="0" warnings="0" failures="0" skipped="0" time="0.013034">
        <testcase name="testGetRoutes" class="StanDev\Laraplate\Tests\RouteTest" classname="StanDev.Laraplate.Tests.RouteTest" file="/home/stanm/development/standev-nl/laraplate/tests/RouteTest.php" line="15" assertions="4" time="0.013034">
          <system-out>RecursiveDirectoryIterator::__construct(/home/stanm/development/standev-nl/laraplate/routes/frontend/): failed to open dir: No such file or directory</system-out>
        </testcase>
      </testsuite>
    </testsuite>
  </testsuite>
</testsuites>
